/opt/conda/lib/python3.10/site-packages/mmcv/__init__.py:20: UserWarning: On January 1, 2023, MMCV will release v2.0.0, in which it will remove components related to the training process and add a data transformation module. In addition, it will rename the package names mmcv to mmcv-lite and mmcv-full to mmcv. See https://github.com/open-mmlab/mmcv/blob/master/docs/en/compatibility.md for more details.
  warnings.warn(
/opt/conda/lib/python3.10/site-packages/mmpose/apis/inference.py:121: UserWarning: Can not load dataset_meta from the checkpoint or the model config. Use COCO metainfo by default.
  warnings.warn('Can not load dataset_meta from the checkpoint or the '
/opt/conda/lib/python3.10/site-packages/mmpose/datasets/datasets/utils.py:102: UserWarning: The metainfo config file "configs/_base_/datasets/coco.py" does not exist. A matched config file "/opt/conda/lib/python3.10/site-packages/mmpose/.mim/configs/_base_/datasets/coco.py" will be used instead.
  warnings.warn(
/opt/conda/lib/python3.10/site-packages/mmcv/transforms/loading.py:69: DeprecationWarning: "file_client_args" will be deprecated in future. Please use "backend_args" instead
  warnings.warn(
/opt/conda/lib/python3.10/site-packages/mmcv/__init__.py:20: UserWarning: On January 1, 2023, MMCV will release v2.0.0, in which it will remove components related to the training process and add a data transformation module. In addition, it will rename the package names mmcv to mmcv-lite and mmcv-full to mmcv. See https://github.com/open-mmlab/mmcv/blob/master/docs/en/compatibility.md for more details.
  warnings.warn(
/opt/conda/lib/python3.10/site-packages/mmpose/apis/inference.py:121: UserWarning: Can not load dataset_meta from the checkpoint or the model config. Use COCO metainfo by default.
  warnings.warn('Can not load dataset_meta from the checkpoint or the '
/opt/conda/lib/python3.10/site-packages/mmpose/datasets/datasets/utils.py:102: UserWarning: The metainfo config file "configs/_base_/datasets/coco.py" does not exist. A matched config file "/opt/conda/lib/python3.10/site-packages/mmpose/.mim/configs/_base_/datasets/coco.py" will be used instead.
  warnings.warn(
Loads checkpoint by local backend from path: /workspace/tools/data/skeleton/faster_rcnn_r50_fpn_2x_coco_bbox_mAP-0.384_20200504_210434-a5d8aa15.pth
Loads checkpoint by local backend from path: /workspace/tools/data/skeleton/hrnet_w32_coco_256x192-c78dce93_20200708.pth
Error processing /data/aihub/violence/output/normal/Normal_Videos708_x264.mp4: name 'anno' is not defined. Check the log file for details.
Error processing /data/aihub/violence/output/event/fight/cut_28-3_cam03_fight01_place02_night_winter.mp4: name 'anno' is not defined. Check the log file for details.
Error processing /data/aihub/violence/output/event/fight/cut_31-1_cam02_fight03_place02_night_summer.mp4: name 'anno' is not defined. Check the log file for details.
Error processing /data/aihub/violence/output/event/fight/cut_435-5_cam03_fight01_place09_night_spring.mp4: name 'anno' is not defined. Check the log file for details.
Error processing /data/aihub/violence/output/event/fight/cut_1-4_cam02_fight04_place02_night_spring.mp4: name 'anno' is not defined. Check the log file for details.
Error processing /data/aihub/violence/output/event/assault/cut_25-2_cam01_assault01_place02_night_spring.mp4: name 'anno' is not defined. Check the log file for details.
Error processing /data/aihub/violence/output/event/fight/cut_10-5_cam03_fight03_place07_night_summer.mp4: name 'anno' is not defined. Check the log file for details.
Error processing /data/aihub/violence/output/event/assault/cut_416-6_cam03_assault01_place02_night_winter.mp4: name 'anno' is not defined. Check the log file for details.
Error processing /data/aihub/violence/output/event/fight/cut_35-1_cam01_fight01_place09_night_spring.mp4: name 'anno' is not defined. Check the log file for details.
Error processing /data/aihub/violence/output/event/assault/cut_22-2_cam01_assault01_place07_night_summer.mp4: name 'anno' is not defined. Check the log file for details.
Error processing /data/aihub/violence/output/event/fight/cut_46-1_cam01_fight01_place02_night_summer.mp4: name 'anno' is not defined. Check the log file for details.
Error processing /data/aihub/violence/output/event/fight/Fighting037_x264.mp4: name 'anno' is not defined. Check the log file for details.
Error processing /data/aihub/violence/output/event/fight/cut_45-5_cam03_fight01_place01_day_summer.mp4: name 'anno' is not defined. Check the log file for details.
Error processing /data/aihub/violence/output/event/assault/cut_417-2_cam03_assault01_place03_night_summer.mp4: name 'anno' is not defined. Check the log file for details.
Error processing /data/aihub/violence/output/event/assault/cut_411-5_cam03_assault01_place08_night_winter.mp4: name 'anno' is not defined. Check the log file for details.
Error processing /data/aihub/violence/output/event/fight/cut_3-1_cam01_fight01_place01_day_spring.mp4: name 'anno' is not defined. Check the log file for details.
Error processing /data/aihub/violence/output/event/fight/Fighting032_x264.mp4: name 'anno' is not defined. Check the log file for details.
Error processing /data/aihub/violence/output/normal/Normal_Videos454_x264.mp4: name 'anno' is not defined. Check the log file for details.
Error processing /data/aihub/violence/output/event/assault/cut_8-5_cam01_assault03_place05_day_summer.mp4: name 'anno' is not defined. Check the log file for details.
Error processing /data/aihub/violence/output/event/fight/cut_48-4_cam01_fight01_place01_night_spring.mp4: name 'anno' is not defined. Check the log file for details.
Error processing /data/aihub/violence/output/event/assault/cut_439-5_cam02_assault01_place03_day_winter.mp4: name 'anno' is not defined. Check the log file for details.
Error processing /data/aihub/violence/output/event/assault/cut_417-4_cam01_assault01_place03_night_summer.mp4: name 'anno' is not defined. Check the log file for details.
Error processing /data/aihub/violence/output/event/fight/cut_32-2_cam02_fight01_place10_day_spring.mp4: name 'anno' is not defined. Check the log file for details.
Error processing /data/aihub/violence/output/event/assault/cut_416-5_cam03_assault01_place02_night_winter.mp4: name 'anno' is not defined. Check the log file for details.
Error processing /data/aihub/violence/output/normal/Normal_Videos949_x264.mp4: name 'anno' is not defined. Check the log file for details.
Error processing /data/aihub/violence/output/event/fight/cut_40-6_cam02_fight01_place01_night_summer.mp4: name 'anno' is not defined. Check the log file for details.
Error processing /data/aihub/violence/output/normal/Normal_Videos114_x264.mp4: name 'anno' is not defined. Check the log file for details.
Error processing /data/aihub/violence/output/event/assault/Assault012_x264.mp4: name 'anno' is not defined. Check the log file for details.
Error processing /data/aihub/violence/output/event/assault/cut_416-4_cam01_assault01_place02_night_winter.mp4: name 'anno' is not defined. Check the log file for details.
Error processing /data/aihub/violence/output/event/fight/cut_10-6_cam01_fight03_place07_night_summer.mp4: name 'anno' is not defined. Check the log file for details.
Error processing /data/aihub/violence/output/event/assault/cut_22-2_cam02_assault01_place07_night_winter.mp4: name 'anno' is not defined. Check the log file for details.
Error processing /data/aihub/violence/output/event/fight/cut_32-6_cam01_fight01_place11_day_summer.mp4: name 'anno' is not defined. Check the log file for details.
Error processing /data/aihub/violence/output/normal/Normal_Videos669_x264.mp4: name 'anno' is not defined. Check the log file for details.
Error processing /data/aihub/violence/output/event/fight/cut_41-5_cam01_fight02_place02_night_spring.mp4: name 'anno' is not defined. Check the log file for details.
Error processing /data/aihub/violence/output/normal/Normal_Videos265_x264.mp4: name 'anno' is not defined. Check the log file for details.
Error processing /data/aihub/violence/output/event/fight/cut_1-5_cam01_fight04_place02_night_spring.mp4: name 'anno' is not defined. Check the log file for details.
Error processing /data/aihub/violence/output/event/fight/cut_435-2_cam02_fight01_place09_night_winter.mp4: name 'anno' is not defined. Check the log file for details.
Error processing /data/aihub/violence/output/event/fight/cut_437-2_cam01_fight01_place05_day_summer.mp4: name 'anno' is not defined. Check the log file for details.
Error processing /data/aihub/violence/output/event/fight/cut_28-5_cam01_fight01_place02_night_summer.mp4: name 'anno' is not defined. Check the log file for details.
Error processing /data/aihub/violence/output/event/assault/cut_6-2_cam01_assault01_place03_night_winter.mp4: name 'anno' is not defined. Check the log file for details.
Error processing /data/aihub/violence/output/normal/Normal_Videos302_x264.mp4: name 'anno' is not defined. Check the log file for details.
Error processing /data/aihub/violence/output/event/assault/cut_26-2_cam02_assault01_place01_night_winter.mp4: name 'anno' is not defined. Check the log file for details.
Error processing /data/aihub/violence/output/event/assault/Assault034_x264.mp4: name 'anno' is not defined. Check the log file for details.
Error processing /data/aihub/violence/output/normal/Normal_Videos076_x264.mp4: name 'anno' is not defined. Check the log file for details.
Error processing /data/aihub/violence/output/normal/Normal_Videos379_x264.mp4: name 'anno' is not defined. Check the log file for details.
Error processing /data/aihub/violence/output/event/assault/cut_8-3_cam02_assault03_place05_day_spring.mp4: name 'anno' is not defined. Check the log file for details.
Error processing /data/aihub/violence/output/event/fight/cut_50-5_cam02_fight01_place08_night_spring.mp4: name 'anno' is not defined. Check the log file for details.
Error processing /data/aihub/violence/output/event/assault/cut_417-1_cam02_assault01_place03_night_summer.mp4: name 'anno' is not defined. Check the log file for details.
Error processing /data/aihub/violence/output/normal/Normal_Videos815_x264.mp4: name 'anno' is not defined. Check the log file for details.
Error processing /data/aihub/violence/output/event/fight/Fighting003_x264.mp4: name 'anno' is not defined. Check the log file for details.
Error processing /data/aihub/violence/output/event/assault/cut_412-2_cam02_assault01_place09_night_summer.mp4: name 'anno' is not defined. Check the log file for details.
Error processing /data/aihub/violence/output/event/assault/cut_22-4_cam03_assault01_place07_night_winter.mp4: name 'anno' is not defined. Check the log file for details.
Error processing /data/aihub/violence/output/event/assault/Assault052_x264.mp4: name 'anno' is not defined. Check the log file for details.
Error processing /data/aihub/violence/output/event/fight/cut_39-1_cam02_fight01_place04_day_summer.mp4: name 'anno' is not defined. Check the log file for details.
Error processing /data/aihub/violence/output/event/assault/cut_10-1_cam01_assault03_place07_night_spring.mp4: name 'anno' is not defined. Check the log file for details.
Error processing /data/aihub/violence/output/event/assault/cut_22-2_cam03_assault01_place07_night_summer.mp4: name 'anno' is not defined. Check the log file for details.
Error processing /data/aihub/violence/output/normal/Normal_Videos916_x264.mp4: name 'anno' is not defined. Check the log file for details.
Error processing /data/aihub/violence/output/event/fight/cut_445-3_cam02_fight04_place01_day_summer.mp4: name 'anno' is not defined. Check the log file for details.
Error processing /data/aihub/violence/output/event/fight/cut_34-5_cam01_fight01_place04_day_spring.mp4: name 'anno' is not defined. Check the log file for details.
Error processing /data/aihub/violence/output/event/fight/cut_32-1_cam02_fight01_place10_day_summer.mp4: name 'anno' is not defined. Check the log file for details.
Error processing /data/aihub/violence/output/normal/Normal_Videos241_x264.mp4: name 'anno' is not defined. Check the log file for details.
Error processing /data/aihub/violence/output/event/assault/cut_416-3_cam01_assault01_place02_night_winter.mp4: name 'anno' is not defined. Check the log file for details.
Error processing /data/aihub/violence/output/normal/Normal_Videos742_x264.mp4: name 'anno' is not defined. Check the log file for details.
Error processing /data/aihub/violence/output/event/fight/Fighting026_x264.mp4: name 'anno' is not defined. Check the log file for details.
Error processing /data/aihub/violence/output/event/assault/cut_406-2_cam01_assault01_place03_day_summer.mp4: name 'anno' is not defined. Check the log file for details.
Error processing /data/aihub/violence/output/normal/Normal_Videos834_x264.mp4: name 'anno' is not defined. Check the log file for details.
Error processing /data/aihub/violence/output/normal/Normal_Videos163_x264.mp4: name 'anno' is not defined. Check the log file for details.
Error processing /data/aihub/violence/output/event/assault/cut_16-5_cam02_assault01_place02_night_spring.mp4: name 'anno' is not defined. Check the log file for details.
Error processing /data/aihub/violence/output/event/assault/cut_416-4_cam03_assault01_place02_night_winter.mp4: name 'anno' is not defined. Check the log file for details.
Error processing /data/aihub/violence/output/normal/Normal_Videos948_x264.mp4: name 'anno' is not defined. Check the log file for details.
Error processing /data/aihub/violence/output/normal/Normal_Videos236_x264.mp4: name 'anno' is not defined. Check the log file for details.
Error processing /data/aihub/violence/output/event/fight/cut_41-6_cam01_fight02_place02_night_summer.mp4: name 'anno' is not defined. Check the log file for details.
Error processing /data/aihub/violence/output/event/assault/cut_439-4_cam01_assault01_place03_day_winter.mp4: name 'anno' is not defined. Check the log file for details.
Error processing /data/aihub/violence/output/event/assault/cut_407-4_cam03_assault01_place04_day_winter.mp4: name 'anno' is not defined. Check the log file for details.
Error processing /data/aihub/violence/output/event/fight/cut_22-1_cam01_fight01_place07_night_winter.mp4: name 'anno' is not defined. Check the log file for details.
Error processing /data/aihub/violence/output/event/fight/cut_180-4_cam02_fight01_place09_day_spring.mp4: name 'anno' is not defined. Check the log file for details.
Error processing /data/aihub/violence/output/event/assault/cut_411-4_cam01_assault01_place08_night_spring.mp4: name 'anno' is not defined. Check the log file for details.
Error processing /data/aihub/violence/output/event/fight/cut_45-2_cam03_fight01_place01_day_spring.mp4: name 'anno' is not defined. Check the log file for details.
Error processing /data/aihub/violence/output/normal/Normal_Videos242_x264.mp4: name 'anno' is not defined. Check the log file for details.
Error processing /data/aihub/violence/output/normal/Normal_Videos687_x264.mp4: name 'anno' is not defined. Check the log file for details.
Error processing /data/aihub/violence/output/normal/Normal_Videos052_x264.mp4: name 'anno' is not defined. Check the log file for details.
Error processing /data/aihub/violence/output/event/assault/cut_24-1_cam02_assault01_place09_night_spring.mp4: name 'anno' is not defined. Check the log file for details.
Error processing /data/aihub/violence/output/event/assault/cut_416-2_cam02_assault01_place02_night_spring.mp4: name 'anno' is not defined. Check the log file for details.
Error processing /data/aihub/violence/output/normal/Normal_Videos331_x264.mp4: name 'anno' is not defined. Check the log file for details.
Error processing /data/aihub/violence/output/event/assault/cut_17-5_cam01_assault03_place03_night_summer.mp4: name 'anno' is not defined. Check the log file for details.
Error processing /data/aihub/violence/output/event/assault/cut_22-5_cam01_assault01_place07_night_summer.mp4: name 'anno' is not defined. Check the log file for details.
Error processing /data/aihub/violence/output/event/assault/cut_416-2_cam02_assault01_place02_night_winter.mp4: name 'anno' is not defined. Check the log file for details.
Error processing /data/aihub/violence/output/event/assault/cut_411-4_cam02_assault01_place08_night_summer.mp4: name 'anno' is not defined. Check the log file for details.
Error processing /data/aihub/violence/output/normal/Normal_Videos479_x264.mp4: name 'anno' is not defined. Check the log file for details.
Error processing /data/aihub/violence/output/event/fight/cut_27-2_cam02_fight01_place03_day_summer.mp4: name 'anno' is not defined. Check the log file for details.
Error processing /data/aihub/violence/output/normal/Normal_Videos426_x264.mp4: name 'anno' is not defined. Check the log file for details.
Error processing /data/aihub/violence/output/event/fight/cut_37-6_cam03_fight01_place02_night_winter.mp4: name 'anno' is not defined. Check the log file for details.
Error processing /data/aihub/violence/output/event/fight/cut_32-4_cam02_fight01_place11_day_summer.mp4: name 'anno' is not defined. Check the log file for details.
Error processing /data/aihub/violence/output/normal/Normal_Videos423_x264.mp4: name 'anno' is not defined. Check the log file for details.
Error processing /data/aihub/violence/output/event/assault/cut_5-4_cam01_assault01_place08_day_spring.mp4: name 'anno' is not defined. Check the log file for details.
Error processing /data/aihub/violence/output/event/assault/cut_407-2_cam01_assault01_place04_day_winter.mp4: name 'anno' is not defined. Check the log file for details.
Error processing /data/aihub/violence/output/normal/Normal_Videos733_x264.mp4: name 'anno' is not defined. Check the log file for details.
Error processing /data/aihub/violence/output/event/assault/cut_12-5_cam02_assault01_place09_day_summer.mp4: name 'anno' is not defined. Check the log file for details.
Error processing /data/aihub/violence/output/event/fight/cut_36-6_cam01_fight02_place04_day_spring.mp4: name 'anno' is not defined. Check the log file for details.
Error processing /data/aihub/violence/output/event/fight/cut_439-2_cam01_fight01_place03_day_spring.mp4: name 'anno' is not defined. Check the log file for details.
Error processing /data/aihub/violence/output/event/fight/cut_29-3_cam02_fight01_place01_day_summer.mp4: name 'anno' is not defined. Check the log file for details.
Error processing /data/aihub/violence/output/event/fight/cut_46-5_cam03_fight01_place02_night_spring.mp4: name 'anno' is not defined. Check the log file for details.
Error processing /data/aihub/violence/output/event/fight/cut_46-1_cam03_fight01_place02_night_winter.mp4: name 'anno' is not defined. Check the log file for details.
Error processing /data/aihub/violence/output/event/assault/cut_407-2_cam03_assault01_place04_day_summer.mp4: name 'anno' is not defined. Check the log file for details.
Error processing /data/aihub/violence/output/normal/Normal_Videos305_x264.mp4: name 'anno' is not defined. Check the log file for details.
Error processing /data/aihub/violence/output/event/assault/cut_416-6_cam01_assault01_place02_night_summer.mp4: name 'anno' is not defined. Check the log file for details.
Error processing /data/aihub/violence/output/event/fight/cut_38-5_cam01_fight01_place01_day_spring.mp4: name 'anno' is not defined. Check the log file for details.
Error processing /data/aihub/violence/output/event/fight/cut_42-3_cam02_fight01_place09_night_spring.mp4: name 'anno' is not defined. Check the log file for details.
Error processing /data/aihub/violence/output/event/assault/cut_18-3_cam02_assault04_place02_night_summer.mp4: name 'anno' is not defined. Check the log file for details.
Error processing /data/aihub/violence/output/normal/Normal_Videos008_x264.mp4: name 'anno' is not defined. Check the log file for details.
Error processing /data/aihub/violence/output/event/assault/cut_417-3_cam02_assault01_place03_night_spring.mp4: name 'anno' is not defined. Check the log file for details.
Error processing /data/aihub/violence/output/event/assault/cut_416-1_cam02_assault01_place02_night_winter.mp4: name 'anno' is not defined. Check the log file for details.
Error processing /data/aihub/violence/output/event/fight/cut_22-1_cam02_fight01_place07_night_summer.mp4: name 'anno' is not defined. Check the log file for details.
Error processing /data/aihub/violence/output/event/assault/cut_416-2_cam03_assault01_place02_night_winter.mp4: name 'anno' is not defined. Check the log file for details.
Error processing /data/aihub/violence/output/event/fight/cut_49-6_cam02_fight01_place02_night_spring.mp4: name 'anno' is not defined. Check the log file for details.
Error processing /data/aihub/violence/output/event/fight/cut_43-4_cam01_fight04_place07_night_spring.mp4: name 'anno' is not defined. Check the log file for details.
Error processing /data/aihub/violence/output/event/fight/cut_439-2_cam01_fight01_place03_day_summer.mp4: name 'anno' is not defined. Check the log file for details.
Error processing /data/aihub/violence/output/normal/Normal_Videos072_x264.mp4: name 'anno' is not defined. Check the log file for details.
Error processing /data/aihub/violence/output/normal/Normal_Videos418_x264.mp4: name 'anno' is not defined. Check the log file for details.
Error processing /data/aihub/violence/output/normal/Normal_Videos253_x264.mp4: name 'anno' is not defined. Check the log file for details.
Error processing /data/aihub/violence/output/event/fight/cut_447-6_cam03_fight01_place01_day_winter.mp4: name 'anno' is not defined. Check the log file for details.
Error processing /data/aihub/violence/output/event/fight/cut_35-3_cam01_fight01_place09_night_spring.mp4: name 'anno' is not defined. Check the log file for details.
Error processing /data/aihub/violence/output/normal/Normal_Videos185_x264.mp4: name 'anno' is not defined. Check the log file for details.
Error processing /data/aihub/violence/output/event/fight/cut_48-4_cam01_fight01_place01_night_summer.mp4: name 'anno' is not defined. Check the log file for details.
Error processing /data/aihub/violence/output/normal/Normal_Videos414_x264.mp4: name 'anno' is not defined. Check the log file for details.
Error processing /data/aihub/violence/output/event/assault/cut_8-1_cam01_assault03_place05_day_summer.mp4: name 'anno' is not defined. Check the log file for details.
Error processing /data/aihub/violence/output/event/fight/cut_29-3_cam01_fight01_place01_day_summer.mp4: name 'anno' is not defined. Check the log file for details.
Error processing /data/aihub/violence/output/event/fight/cut_441-3_cam03_fight02_place02_night_summer.mp4: name 'anno' is not defined. Check the log file for details.
Error processing /data/aihub/violence/output/normal/Normal_Videos179_x264.mp4: name 'anno' is not defined. Check the log file for details.
Error processing /data/aihub/violence/output/event/fight/cut_20-5_cam02_fight01_place02_night_spring.mp4: name 'anno' is not defined. Check the log file for details.
Error processing /data/aihub/violence/output/event/assault/cut_24-6_cam02_assault01_place09_night_winter.mp4: name 'anno' is not defined. Check the log file for details.
Error processing /data/aihub/violence/output/event/fight/cut_10-6_cam03_fight03_place07_night_spring.mp4: name 'anno' is not defined. Check the log file for details.
Error processing /data/aihub/violence/output/normal/Normal_Videos839_x264.mp4: name 'anno' is not defined. Check the log file for details.
Error processing /data/aihub/violence/output/event/fight/cut_46-4_cam03_fight01_place02_night_summer.mp4: name 'anno' is not defined. Check the log file for details.
Error processing /data/aihub/violence/output/normal/Normal_Videos759_x264.mp4: name 'anno' is not defined. Check the log file for details.
Error processing /data/aihub/violence/output/normal/Normal_Videos297_x264.mp4: name 'anno' is not defined. Check the log file for details.
Error processing /data/aihub/violence/output/normal/Normal_Videos469_x264.mp4: name 'anno' is not defined. Check the log file for details.
Error processing /data/aihub/violence/output/event/fight/cut_47-4_cam01_fight01_place01_day_summer.mp4: name 'anno' is not defined. Check the log file for details.
Error processing /data/aihub/violence/output/event/fight/cut_411-1_cam01_fight01_place08_night_winter.mp4: name 'anno' is not defined. Check the log file for details.
Error processing /data/aihub/violence/output/event/fight/cut_45-1_cam02_fight01_place01_day_spring.mp4: name 'anno' is not defined. Check the log file for details.
Error processing /data/aihub/violence/output/normal/Normal_Videos023_x264.mp4: name 'anno' is not defined. Check the log file for details.
Error processing /data/aihub/violence/output/event/fight/cut_45-3_cam03_fight01_place01_day_spring.mp4: name 'anno' is not defined. Check the log file for details.
Error processing /data/aihub/violence/output/normal/Normal_Videos587_x264.mp4: name 'anno' is not defined. Check the log file for details.
Error processing /data/aihub/violence/output/normal/Normal_Videos377_x264.mp4: name 'anno' is not defined. Check the log file for details.
Error processing /data/aihub/violence/output/normal/Normal_Videos836_x264.mp4: name 'anno' is not defined. Check the log file for details.
Error processing /data/aihub/violence/output/event/assault/cut_12-5_cam01_assault01_place09_day_spring.mp4: name 'anno' is not defined. Check the log file for details.
Error processing /data/aihub/violence/output/event/assault/cut_412-6_cam03_assault01_place09_night_summer.mp4: name 'anno' is not defined. Check the log file for details.
Error processing /data/aihub/violence/output/event/fight/cut_20-1_cam02_fight01_place02_night_spring.mp4: name 'anno' is not defined. Check the log file for details.
Error processing /data/aihub/violence/output/event/assault/cut_8-4_cam01_assault03_place05_day_summer.mp4: name 'anno' is not defined. Check the log file for details.
Error processing /data/aihub/violence/output/event/assault/cut_12-3_cam02_assault01_place09_day_spring.mp4: name 'anno' is not defined. Check the log file for details.
Error processing /data/aihub/violence/output/event/assault/cut_416-1_cam03_assault01_place02_night_summer.mp4: name 'anno' is not defined. Check the log file for details.
Error processing /data/aihub/violence/output/event/fight/cut_437-3_cam01_fight01_place05_day_spring.mp4: name 'anno' is not defined. Check the log file for details.
Error processing /data/aihub/violence/output/event/assault/cut_23-1_cam01_assault01_place02_night_summer.mp4: name 'anno' is not defined. Check the log file for details.
Error processing /data/aihub/violence/output/event/fight/cut_18-4_cam02_fight04_place02_night_summer.mp4: name 'anno' is not defined. Check the log file for details.
Error processing /data/aihub/violence/output/normal/Normal_Videos665_x264.mp4: name 'anno' is not defined. Check the log file for details.
Error processing /data/aihub/violence/output/normal/Normal_Videos600_x264.mp4: name 'anno' is not defined. Check the log file for details.
Error processing /data/aihub/violence/output/event/assault/cut_24-3_cam03_assault01_place09_night_winter.mp4: name 'anno' is not defined. Check the log file for details.
Error processing /data/aihub/violence/output/event/assault/cut_10-2_cam02_assault03_place07_night_winter.mp4: name 'anno' is not defined. Check the log file for details.
Error processing /data/aihub/violence/output/normal/Normal_Videos441_x264.mp4: name 'anno' is not defined. Check the log file for details.
Error processing /data/aihub/violence/output/normal/Normal_Videos011_x264.mp4: name 'anno' is not defined. Check the log file for details.
Error processing /data/aihub/violence/output/normal/Normal_Videos835_x264.mp4: name 'anno' is not defined. Check the log file for details.
Error processing /data/aihub/violence/output/event/fight/cut_47-4_cam01_fight01_place01_day_spring.mp4: name 'anno' is not defined. Check the log file for details.
Error processing /data/aihub/violence/output/event/assault/cut_12-1_cam01_assault01_place09_day_summer.mp4: name 'anno' is not defined. Check the log file for details.
Error processing /data/aihub/violence/output/normal/Normal_Videos505_x264.mp4: name 'anno' is not defined. Check the log file for details.
Error processing /data/aihub/violence/output/event/assault/cut_21-4_cam01_assault01_place09_day_summer.mp4: name 'anno' is not defined. Check the log file for details.
Error processing /data/aihub/violence/output/event/assault/cut_24-5_cam03_assault01_place09_night_winter.mp4: name 'anno' is not defined. Check the log file for details.
Error processing /data/aihub/violence/output/event/fight/cut_46-2_cam02_fight01_place02_night_winter.mp4: name 'anno' is not defined. Check the log file for details.
Error processing /data/aihub/violence/output/event/assault/cut_406-1_cam02_assault01_place03_day_spring.mp4: name 'anno' is not defined. Check the log file for details.
Error processing /data/aihub/violence/output/normal/Normal_Videos135_x264.mp4: name 'anno' is not defined. Check the log file for details.
Error processing /data/aihub/violence/output/normal/Normal_Videos098_x264.mp4: name 'anno' is not defined. Check the log file for details.
Error processing /data/aihub/violence/output/event/fight/cut_40-1_cam02_fight01_place01_night_spring.mp4: name 'anno' is not defined. Check the log file for details.
Error processing /data/aihub/violence/output/event/fight/cut_445-5_cam02_fight04_place01_day_spring.mp4: name 'anno' is not defined. Check the log file for details.
Error processing /data/aihub/violence/output/event/fight/cut_435-3_cam02_fight01_place09_night_spring.mp4: name 'anno' is not defined. Check the log file for details.
Error processing /data/aihub/violence/output/normal/Normal_Videos786_x264.mp4: name 'anno' is not defined. Check the log file for details.
Error processing /data/aihub/violence/output/event/assault/Assault039_x264.mp4: name 'anno' is not defined. Check the log file for details.
Error processing /data/aihub/violence/output/event/fight/cut_28-2_cam02_fight01_place02_night_winter.mp4: name 'anno' is not defined. Check the log file for details.
Error processing /data/aihub/violence/output/normal/Normal_Videos465_x264.mp4: name 'anno' is not defined. Check the log file for details.
Error processing /data/aihub/violence/output/event/fight/cut_439-6_cam03_fight01_place03_day_summer.mp4: name 'anno' is not defined. Check the log file for details.
Error processing /data/aihub/violence/output/event/fight/cut_50-6_cam01_fight01_place08_night_spring.mp4: name 'anno' is not defined. Check the log file for details.
Error processing /data/aihub/violence/output/normal/Normal_Videos004_x264.mp4: name 'anno' is not defined. Check the log file for details.
Error processing /data/aihub/violence/output/event/assault/cut_26-2_cam01_assault01_place01_night_winter.mp4: name 'anno' is not defined. Check the log file for details.
Error processing /data/aihub/violence/output/event/assault/Assault010_x264.mp4: name 'anno' is not defined. Check the log file for details.
Error processing /data/aihub/violence/output/normal/Normal_Videos497_x264.mp4: name 'anno' is not defined. Check the log file for details.
Error processing /data/aihub/violence/output/event/assault/cut_12-1_cam02_assault01_place09_day_summer.mp4: name 'anno' is not defined. Check the log file for details.
Error processing /data/aihub/violence/output/normal/Normal_Videos223_x264.mp4: name 'anno' is not defined. Check the log file for details.
Error processing /data/aihub/violence/output/event/fight/cut_45-1_cam03_fight01_place01_day_spring.mp4: name 'anno' is not defined. Check the log file for details.
Error processing /data/aihub/violence/output/event/assault/cut_45-4_cam03_assault01_place01_day_summer.mp4: name 'anno' is not defined. Check the log file for details.
Error processing /data/aihub/violence/output/event/fight/cut_28-4_cam03_fight01_place02_night_spring.mp4: name 'anno' is not defined. Check the log file for details.
Error processing /data/aihub/violence/output/event/assault/cut_45-4_cam01_assault01_place01_day_summer.mp4: name 'anno' is not defined. Check the log file for details.
Error processing /data/aihub/violence/output/event/assault/cut_22-6_cam03_assault01_place07_night_summer.mp4: name 'anno' is not defined. Check the log file for details.
Error processing /data/aihub/violence/output/event/fight/cut_453-4_cam01_fight01_place01_day_summer.mp4: name 'anno' is not defined. Check the log file for details.
Error processing /data/aihub/violence/output/event/assault/cut_439-5_cam03_assault01_place03_day_winter.mp4: name 'anno' is not defined. Check the log file for details.
Error processing /data/aihub/violence/output/normal/Normal_Videos490_x264.mp4: name 'anno' is not defined. Check the log file for details.
Error processing /data/aihub/violence/output/event/assault/cut_18-6_cam02_assault04_place02_night_spring.mp4: name 'anno' is not defined. Check the log file for details.
Error processing /data/aihub/violence/output/normal/Normal_Videos388_x264.mp4: name 'anno' is not defined. Check the log file for details.
Error processing /data/aihub/violence/output/event/fight/cut_50-4_cam01_fight01_place08_night_spring.mp4: name 'anno' is not defined. Check the log file for details.
Error processing /data/aihub/violence/output/event/fight/cut_20-1_cam01_fight01_place02_night_spring.mp4: name 'anno' is not defined. Check the log file for details.
Error processing /data/aihub/violence/output/event/assault/Assault036_x264.mp4: name 'anno' is not defined. Check the log file for details.
Error processing /data/aihub/violence/output/normal/Normal_Videos688_x264.mp4: name 'anno' is not defined. Check the log file for details.
Error processing /data/aihub/violence/output/event/fight/cut_445-6_cam02_fight04_place01_day_summer.mp4: name 'anno' is not defined. Check the log file for details.
Error processing /data/aihub/violence/output/event/fight/cut_35-1_cam01_fight01_place09_night_summer.mp4: name 'anno' is not defined. Check the log file for details.
Error processing /data/aihub/violence/output/normal/Normal_Videos406_x264.mp4: name 'anno' is not defined. Check the log file for details.
Error processing /data/aihub/violence/output/event/fight/cut_46-3_cam01_fight01_place02_night_spring.mp4: name 'anno' is not defined. Check the log file for details.
Error processing /data/aihub/violence/output/event/assault/cut_453-2_cam01_assault01_place01_day_summer.mp4: name 'anno' is not defined. Check the log file for details.
Error processing /data/aihub/violence/output/event/assault/cut_10-2_cam02_assault03_place07_night_spring.mp4: name 'anno' is not defined. Check the log file for details.
Error processing /data/aihub/violence/output/event/fight/cut_437-2_cam02_fight01_place01_day_summer.mp4: name 'anno' is not defined. Check the log file for details.
Error processing /data/aihub/violence/output/normal/Normal_Videos498_x264.mp4: name 'anno' is not defined. Check the log file for details.
Error processing /data/aihub/violence/output/event/fight/cut_35-5_cam01_fight01_place09_night_summer.mp4: name 'anno' is not defined. Check the log file for details.
Error processing /data/aihub/violence/output/normal/Normal_Videos697_x264.mp4: name 'anno' is not defined. Check the log file for details.
Error processing /data/aihub/violence/output/event/assault/cut_25-4_cam01_assault01_place02_night_summer.mp4: name 'anno' is not defined. Check the log file for details.
Error processing /data/aihub/violence/output/event/assault/cut_23-3_cam02_assault01_place02_night_summer.mp4: name 'anno' is not defined. Check the log file for details.
Error processing /data/aihub/violence/output/event/fight/cut_447-4_cam02_fight01_place01_day_spring.mp4: name 'anno' is not defined. Check the log file for details.
Error processing /data/aihub/violence/output/event/assault/cut_416-1_cam02_assault01_place02_night_spring.mp4: name 'anno' is not defined. Check the log file for details.
Error processing /data/aihub/violence/output/normal/Normal_Videos177_x264.mp4: name 'anno' is not defined. Check the log file for details.
Error processing /data/aihub/violence/output/event/fight/cut_435-1_cam02_fight01_place09_night_winter.mp4: name 'anno' is not defined. Check the log file for details.
Error processing /data/aihub/violence/output/event/assault/cut_412-3_cam02_assault01_place09_night_spring.mp4: name 'anno' is not defined. Check the log file for details.
Error processing /data/aihub/violence/output/normal/Normal_Videos661_x264.mp4: name 'anno' is not defined. Check the log file for details.
Error processing /data/aihub/violence/output/event/assault/cut_22-3_cam02_assault01_place07_night_summer.mp4: name 'anno' is not defined. Check the log file for details.
Error processing /data/aihub/violence/output/normal/Normal_Videos123_x264.mp4: name 'anno' is not defined. Check the log file for details.
Error processing /data/aihub/violence/output/event/assault/Assault004_x264.mp4: name 'anno' is not defined. Check the log file for details.
Error processing /data/aihub/violence/output/event/assault/cut_4-4_cam01_assault01_place01_day_spring.mp4: name 'anno' is not defined. Check the log file for details.
Error processing /data/aihub/violence/output/normal/Normal_Videos225_x264.mp4: name 'anno' is not defined. Check the log file for details.
Error processing /data/aihub/violence/output/normal/Normal_Videos594_x264.mp4: name 'anno' is not defined. Check the log file for details.
Error processing /data/aihub/violence/output/normal/Normal_Videos412_x264.mp4: name 'anno' is not defined. Check the log file for details.
Error processing /data/aihub/violence/output/normal/Normal_Videos442_x264.mp4: name 'anno' is not defined. Check the log file for details.
Error processing /data/aihub/violence/output/event/assault/Assault007_x264.mp4: name 'anno' is not defined. Check the log file for details.
Error processing /data/aihub/violence/output/event/fight/cut_50-2_cam01_fight01_place08_night_summer.mp4: name 'anno' is not defined. Check the log file for details.
Error processing /data/aihub/violence/output/event/fight/Fighting031_x264.mp4: name 'anno' is not defined. Check the log file for details.
Error processing /data/aihub/violence/output/event/fight/cut_10-6_cam02_fight03_place07_night_winter.mp4: name 'anno' is not defined. Check the log file for details.
Error processing /data/aihub/violence/output/event/assault/cut_53-1_cam02_assault01_place01_day_winter.mp4: name 'anno' is not defined. Check the log file for details.
Error processing /data/aihub/violence/output/normal/Normal_Videos413_x264.mp4: name 'anno' is not defined. Check the log file for details.
Error processing /data/aihub/violence/output/event/assault/cut_8-5_cam01_assault03_place05_day_spring.mp4: name 'anno' is not defined. Check the log file for details.
Error processing /data/aihub/violence/output/normal/Normal_Videos373_x264.mp4: name 'anno' is not defined. Check the log file for details.
Error processing /data/aihub/violence/output/event/fight/cut_439-3_cam02_fight01_place03_day_spring.mp4: name 'anno' is not defined. Check the log file for details.
Error processing /data/aihub/violence/output/event/fight/cut_42-4_cam02_fight01_place09_night_spring.mp4: name 'anno' is not defined. Check the log file for details.
Error processing /data/aihub/violence/output/event/fight/cut_26-6_cam01_fight01_place01_night_summer.mp4: name 'anno' is not defined. Check the log file for details.
Error processing /data/aihub/violence/output/normal/Normal_Videos763_x264.mp4: name 'anno' is not defined. Check the log file for details.
Error processing /data/aihub/violence/output/normal/Normal_Videos299_x264.mp4: name 'anno' is not defined. Check the log file for details.
Error processing /data/aihub/violence/output/event/fight/cut_453-4_cam01_fight01_place01_day_spring.mp4: name 'anno' is not defined. Check the log file for details.
Error processing /data/aihub/violence/output/event/fight/cut_42-4_cam01_fight01_place09_night_spring.mp4: name 'anno' is not defined. Check the log file for details.
Error processing /data/aihub/violence/output/event/fight/cut_49-1_cam02_fight01_place02_night_summer.mp4: name 'anno' is not defined. Check the log file for details.
Error processing /data/aihub/violence/output/event/fight/cut_435-5_cam02_fight01_place09_night_winter.mp4: name 'anno' is not defined. Check the log file for details.
Error processing /data/aihub/violence/output/event/assault/cut_20-4_cam01_assault01_place02_night_summer.mp4: name 'anno' is not defined. Check the log file for details.
Error processing /data/aihub/violence/output/normal/Normal_Videos176_x264.mp4: name 'anno' is not defined. Check the log file for details.
Error processing /data/aihub/violence/output/event/fight/cut_48-5_cam02_fight01_place01_night_spring.mp4: name 'anno' is not defined. Check the log file for details.
Error processing /data/aihub/violence/output/event/assault/cut_416-4_cam03_assault01_place02_night_summer.mp4: name 'anno' is not defined. Check the log file for details.
Error processing /data/aihub/violence/output/normal/Normal_Videos516_x264.mp4: name 'anno' is not defined. Check the log file for details.
Error processing /data/aihub/violence/output/normal/Normal_Videos344_x264.mp4: name 'anno' is not defined. Check the log file for details.
Error processing /data/aihub/violence/output/event/fight/Fighting016_x264.mp4: name 'anno' is not defined. Check the log file for details.
Error processing /data/aihub/violence/output/event/fight/cut_49-1_cam01_fight01_place02_night_spring.mp4: name 'anno' is not defined. Check the log file for details.
Error processing /data/aihub/violence/output/event/assault/cut_16-3_cam01_assault01_place02_night_spring.mp4: name 'anno' is not defined. Check the log file for details.
Error processing /data/aihub/violence/output/event/fight/cut_445-6_cam01_fight04_place01_day_spring.mp4: name 'anno' is not defined. Check the log file for details.
Error processing /data/aihub/violence/output/event/fight/cut_31-3_cam01_fight03_place02_night_summer.mp4: name 'anno' is not defined. Check the log file for details.
Error processing /data/aihub/violence/output/event/fight/cut_3-1_cam02_fight01_place01_day_spring.mp4: name 'anno' is not defined. Check the log file for details.
Error processing /data/aihub/violence/output/event/assault/cut_21-6_cam01_assault01_place09_day_summer.mp4: name 'anno' is not defined. Check the log file for details.
Error processing /data/aihub/violence/output/event/fight/cut_28-6_cam03_fight01_place02_night_summer.mp4: name 'anno' is not defined. Check the log file for details.
Error processing /data/aihub/violence/output/event/fight/cut_36-4_cam02_fight02_place04_day_spring.mp4: name 'anno' is not defined. Check the log file for details.
Error processing /data/aihub/violence/output/event/fight/cut_37-1_cam02_fight01_place02_night_summer.mp4: name 'anno' is not defined. Check the log file for details.
Error processing /data/aihub/violence/output/event/assault/cut_407-6_cam02_assault01_place04_day_spring.mp4: name 'anno' is not defined. Check the log file for details.
Error processing /data/aihub/violence/output/event/fight/cut_180-4_cam01_fight01_place09_day_summer.mp4: name 'anno' is not defined. Check the log file for details.
Error processing /data/aihub/violence/output/normal/Normal_Videos648_x264.mp4: name 'anno' is not defined. Check the log file for details.
Error processing /data/aihub/violence/output/event/fight/cut_37-6_cam01_fight01_place02_night_summer.mp4: name 'anno' is not defined. Check the log file for details.
Error processing /data/aihub/violence/output/event/fight/cut_19-3_cam01_fight01_place04_night_summer.mp4: name 'anno' is not defined. Check the log file for details.
Error processing /data/aihub/violence/output/event/fight/cut_42-4_cam01_fight01_place09_night_summer.mp4: name 'anno' is not defined. Check the log file for details.
Error processing /data/aihub/violence/output/event/assault/cut_45-3_cam02_assault01_place01_day_spring.mp4: name 'anno' is not defined. Check the log file for details.
Error processing /data/aihub/violence/output/event/assault/cut_25-3_cam01_assault01_place02_night_spring.mp4: name 'anno' is not defined. Check the log file for details.
Error processing /data/aihub/violence/output/event/fight/cut_22-1_cam03_fight01_place07_night_winter.mp4: name 'anno' is not defined. Check the log file for details.
Error processing /data/aihub/violence/output/normal/Normal_Videos618_x264.mp4: name 'anno' is not defined. Check the log file for details.
Error processing /data/aihub/violence/output/normal/Normal_Videos796_x264.mp4: name 'anno' is not defined. Check the log file for details.
Error processing /data/aihub/violence/output/event/assault/cut_6-3_cam02_assault01_place03_night_spring.mp4: name 'anno' is not defined. Check the log file for details.
Error processing /data/aihub/violence/output/event/assault/cut_8-3_cam02_assault03_place05_day_summer.mp4: name 'anno' is not defined. Check the log file for details.
Error processing /data/aihub/violence/output/event/fight/cut_453-2_cam02_fight01_place01_day_spring.mp4: name 'anno' is not defined. Check the log file for details.
Error processing /data/aihub/violence/output/event/fight/cut_47-5_cam01_fight01_place01_day_spring.mp4: name 'anno' is not defined. Check the log file for details.
Error processing /data/aihub/violence/output/event/fight/cut_3-6_cam01_fight01_place01_day_summer.mp4: name 'anno' is not defined. Check the log file for details.
Error processing /data/aihub/violence/output/event/fight/cut_50-5_cam01_fight01_place08_night_spring.mp4: name 'anno' is not defined. Check the log file for details.
Error processing /data/aihub/violence/output/normal/Normal_Videos336_x264.mp4: name 'anno' is not defined. Check the log file for details.
Error processing /data/aihub/violence/output/event/assault/Assault017_x264.mp4: name 'anno' is not defined. Check the log file for details.
Error processing /data/aihub/violence/output/event/fight/cut_31-6_cam02_fight03_place02_night_spring.mp4: name 'anno' is not defined. Check the log file for details.
Error processing /data/aihub/violence/output/event/fight/cut_36-2_cam01_fight02_place04_day_summer.mp4: name 'anno' is not defined. Check the log file for details.
Error processing /data/aihub/violence/output/event/fight/cut_48-6_cam01_fight01_place01_night_summer.mp4: name 'anno' is not defined. Check the log file for details.
Error processing /data/aihub/violence/output/normal/Normal_Videos355_x264.mp4: name 'anno' is not defined. Check the log file for details.
Error processing /data/aihub/violence/output/event/fight/cut_411-1_cam02_fight01_place08_night_summer.mp4: name 'anno' is not defined. Check the log file for details.
Error processing /data/aihub/violence/output/event/assault/cut_417-1_cam02_assault01_place03_night_winter.mp4: name 'anno' is not defined. Check the log file for details.
Error processing /data/aihub/violence/output/event/fight/cut_32-2_cam01_fight01_place10_day_spring.mp4: name 'anno' is not defined. Check the log file for details.
Error processing /data/aihub/violence/output/event/fight/cut_29-1_cam01_fight01_place01_day_summer.mp4: name 'anno' is not defined. Check the log file for details.
Error processing /data/aihub/violence/output/event/fight/cut_441-1_cam02_fight02_place02_night_summer.mp4: name 'anno' is not defined. Check the log file for details.
Error processing /data/aihub/violence/output/normal/Normal_Videos354_x264.mp4: name 'anno' is not defined. Check the log file for details.
Error processing /data/aihub/violence/output/event/assault/cut_407-6_cam03_assault01_place04_day_spring.mp4: name 'anno' is not defined. Check the log file for details.
Error processing /data/aihub/violence/output/normal/Normal_Videos740_x264.mp4: name 'anno' is not defined. Check the log file for details.
Error processing /data/aihub/violence/output/event/assault/cut_416-4_cam02_assault01_place02_night_summer.mp4: name 'anno' is not defined. Check the log file for details.
Error processing /data/aihub/violence/output/event/assault/cut_26-2_cam03_assault01_place01_night_summer.mp4: name 'anno' is not defined. Check the log file for details.
Error processing /data/aihub/violence/output/event/fight/cut_46-6_cam03_fight01_place02_night_summer.mp4: name 'anno' is not defined. Check the log file for details.
Error processing /data/aihub/violence/output/normal/Normal_Videos159_x264.mp4: name 'anno' is not defined. Check the log file for details.
Error processing /data/aihub/violence/output/event/fight/cut_32-3_cam02_fight01_place10_day_spring.mp4: name 'anno' is not defined. Check the log file for details.
Error processing /data/aihub/violence/output/normal/Normal_Videos779_x264.mp4: name 'anno' is not defined. Check the log file for details.
Error processing /data/aihub/violence/output/event/assault/cut_43-1_cam01_assault04_place07_night_spring.mp4: name 'anno' is not defined. Check the log file for details.
Error processing /data/aihub/violence/output/event/fight/cut_34-1_cam02_fight01_place04_day_spring.mp4: name 'anno' is not defined. Check the log file for details.
Error processing /data/aihub/violence/output/event/assault/cut_8-4_cam01_assault03_place05_day_spring.mp4: name 'anno' is not defined. Check the log file for details.
Error processing /data/aihub/violence/output/normal/Normal_Videos090_x264.mp4: name 'anno' is not defined. Check the log file for details.
Error processing /data/aihub/violence/output/event/fight/cut_180-5_cam02_fight01_place09_day_spring.mp4: name 'anno' is not defined. Check the log file for details.
/opt/conda/lib/python3.10/tempfile.py:869: ResourceWarning: Implicitly cleaning up <TemporaryDirectory '/tmp/tmp3dtj5pw6'>
  _warnings.warn(warn_message, ResourceWarning)
/opt/conda/lib/python3.10/site-packages/mmcv/__init__.py:20: UserWarning: On January 1, 2023, MMCV will release v2.0.0, in which it will remove components related to the training process and add a data transformation module. In addition, it will rename the package names mmcv to mmcv-lite and mmcv-full to mmcv. See https://github.com/open-mmlab/mmcv/blob/master/docs/en/compatibility.md for more details.
  warnings.warn(
/opt/conda/lib/python3.10/site-packages/mmpose/apis/inference.py:121: UserWarning: Can not load dataset_meta from the checkpoint or the model config. Use COCO metainfo by default.
  warnings.warn('Can not load dataset_meta from the checkpoint or the '
/opt/conda/lib/python3.10/site-packages/mmpose/datasets/datasets/utils.py:102: UserWarning: The metainfo config file "configs/_base_/datasets/coco.py" does not exist. A matched config file "/opt/conda/lib/python3.10/site-packages/mmpose/.mim/configs/_base_/datasets/coco.py" will be used instead.
  warnings.warn(
Loads checkpoint by local backend from path: /workspace/tools/data/skeleton/faster_rcnn_r50_fpn_2x_coco_bbox_mAP-0.384_20200504_210434-a5d8aa15.pth
Loads checkpoint by local backend from path: /workspace/tools/data/skeleton/hrnet_w32_coco_256x192-c78dce93_20200708.pth
Error processing /data/aihub/violence/output/normal/Normal_Videos708_x264.mp4: name 'anno' is not defined. Check the log file for details.
Error processing /data/aihub/violence/output/event/fight/cut_28-3_cam03_fight01_place02_night_winter.mp4: name 'anno' is not defined. Check the log file for details.
Error processing /data/aihub/violence/output/event/fight/cut_31-1_cam02_fight03_place02_night_summer.mp4: name 'anno' is not defined. Check the log file for details.
Error processing /data/aihub/violence/output/event/fight/cut_435-5_cam03_fight01_place09_night_spring.mp4: name 'anno' is not defined. Check the log file for details.
Error processing /data/aihub/violence/output/event/fight/cut_1-4_cam02_fight04_place02_night_spring.mp4: name 'anno' is not defined. Check the log file for details.
Error processing /data/aihub/violence/output/event/assault/cut_25-2_cam01_assault01_place02_night_spring.mp4: name 'anno' is not defined. Check the log file for details.
Error processing /data/aihub/violence/output/event/fight/cut_10-5_cam03_fight03_place07_night_summer.mp4: name 'anno' is not defined. Check the log file for details.
Error processing /data/aihub/violence/output/event/assault/cut_416-6_cam03_assault01_place02_night_winter.mp4: name 'anno' is not defined. Check the log file for details.
Error processing /data/aihub/violence/output/event/fight/cut_35-1_cam01_fight01_place09_night_spring.mp4: name 'anno' is not defined. Check the log file for details.
Error processing /data/aihub/violence/output/event/assault/cut_22-2_cam01_assault01_place07_night_summer.mp4: name 'anno' is not defined. Check the log file for details.
Error processing /data/aihub/violence/output/event/fight/cut_46-1_cam01_fight01_place02_night_summer.mp4: name 'anno' is not defined. Check the log file for details.
Error processing /data/aihub/violence/output/event/fight/Fighting037_x264.mp4: name 'anno' is not defined. Check the log file for details.
Error processing /data/aihub/violence/output/event/fight/cut_45-5_cam03_fight01_place01_day_summer.mp4: name 'anno' is not defined. Check the log file for details.
Error processing /data/aihub/violence/output/event/assault/cut_417-2_cam03_assault01_place03_night_summer.mp4: name 'anno' is not defined. Check the log file for details.
Error processing /data/aihub/violence/output/event/assault/cut_411-5_cam03_assault01_place08_night_winter.mp4: name 'anno' is not defined. Check the log file for details.
Error processing /data/aihub/violence/output/event/fight/cut_3-1_cam01_fight01_place01_day_spring.mp4: name 'anno' is not defined. Check the log file for details.
Error processing /data/aihub/violence/output/event/fight/Fighting032_x264.mp4: name 'anno' is not defined. Check the log file for details.
Error processing /data/aihub/violence/output/normal/Normal_Videos454_x264.mp4: name 'anno' is not defined. Check the log file for details.
Error processing /data/aihub/violence/output/event/assault/cut_8-5_cam01_assault03_place05_day_summer.mp4: name 'anno' is not defined. Check the log file for details.
Error processing /data/aihub/violence/output/event/fight/cut_48-4_cam01_fight01_place01_night_spring.mp4: name 'anno' is not defined. Check the log file for details.
Error processing /data/aihub/violence/output/event/assault/cut_439-5_cam02_assault01_place03_day_winter.mp4: name 'anno' is not defined. Check the log file for details.
Error processing /data/aihub/violence/output/event/assault/cut_417-4_cam01_assault01_place03_night_summer.mp4: name 'anno' is not defined. Check the log file for details.
Error processing /data/aihub/violence/output/event/fight/cut_32-2_cam02_fight01_place10_day_spring.mp4: name 'anno' is not defined. Check the log file for details.
Error processing /data/aihub/violence/output/event/assault/cut_416-5_cam03_assault01_place02_night_winter.mp4: name 'anno' is not defined. Check the log file for details.
Error processing /data/aihub/violence/output/normal/Normal_Videos949_x264.mp4: name 'anno' is not defined. Check the log file for details.
Error processing /data/aihub/violence/output/event/fight/cut_40-6_cam02_fight01_place01_night_summer.mp4: name 'anno' is not defined. Check the log file for details.
Error processing /data/aihub/violence/output/normal/Normal_Videos114_x264.mp4: name 'anno' is not defined. Check the log file for details.
Error processing /data/aihub/violence/output/event/assault/Assault012_x264.mp4: name 'anno' is not defined. Check the log file for details.
Error processing /data/aihub/violence/output/event/assault/cut_416-4_cam01_assault01_place02_night_winter.mp4: name 'anno' is not defined. Check the log file for details.
Error processing /data/aihub/violence/output/event/fight/cut_10-6_cam01_fight03_place07_night_summer.mp4: name 'anno' is not defined. Check the log file for details.
Error processing /data/aihub/violence/output/event/assault/cut_22-2_cam02_assault01_place07_night_winter.mp4: name 'anno' is not defined. Check the log file for details.
Error processing /data/aihub/violence/output/event/fight/cut_32-6_cam01_fight01_place11_day_summer.mp4: name 'anno' is not defined. Check the log file for details.
Error processing /data/aihub/violence/output/normal/Normal_Videos669_x264.mp4: name 'anno' is not defined. Check the log file for details.
Error processing /data/aihub/violence/output/event/fight/cut_41-5_cam01_fight02_place02_night_spring.mp4: name 'anno' is not defined. Check the log file for details.
Error processing /data/aihub/violence/output/normal/Normal_Videos265_x264.mp4: name 'anno' is not defined. Check the log file for details.
Error processing /data/aihub/violence/output/event/fight/cut_1-5_cam01_fight04_place02_night_spring.mp4: name 'anno' is not defined. Check the log file for details.
Error processing /data/aihub/violence/output/event/fight/cut_435-2_cam02_fight01_place09_night_winter.mp4: name 'anno' is not defined. Check the log file for details.
Error processing /data/aihub/violence/output/event/fight/cut_437-2_cam01_fight01_place05_day_summer.mp4: name 'anno' is not defined. Check the log file for details.
Error processing /data/aihub/violence/output/event/fight/cut_28-5_cam01_fight01_place02_night_summer.mp4: name 'anno' is not defined. Check the log file for details.
Error processing /data/aihub/violence/output/event/assault/cut_6-2_cam01_assault01_place03_night_winter.mp4: name 'anno' is not defined. Check the log file for details.
Error processing /data/aihub/violence/output/normal/Normal_Videos302_x264.mp4: name 'anno' is not defined. Check the log file for details.
Error processing /data/aihub/violence/output/event/assault/cut_26-2_cam02_assault01_place01_night_winter.mp4: name 'anno' is not defined. Check the log file for details.
Error processing /data/aihub/violence/output/event/assault/Assault034_x264.mp4: name 'anno' is not defined. Check the log file for details.
Error processing /data/aihub/violence/output/normal/Normal_Videos076_x264.mp4: name 'anno' is not defined. Check the log file for details.
Error processing /data/aihub/violence/output/normal/Normal_Videos379_x264.mp4: name 'anno' is not defined. Check the log file for details.
Error processing /data/aihub/violence/output/event/assault/cut_8-3_cam02_assault03_place05_day_spring.mp4: name 'anno' is not defined. Check the log file for details.
Error processing /data/aihub/violence/output/event/fight/cut_50-5_cam02_fight01_place08_night_spring.mp4: name 'anno' is not defined. Check the log file for details.
Error processing /data/aihub/violence/output/event/assault/cut_417-1_cam02_assault01_place03_night_summer.mp4: name 'anno' is not defined. Check the log file for details.
Error processing /data/aihub/violence/output/normal/Normal_Videos815_x264.mp4: name 'anno' is not defined. Check the log file for details.
Error processing /data/aihub/violence/output/event/fight/Fighting003_x264.mp4: name 'anno' is not defined. Check the log file for details.
Error processing /data/aihub/violence/output/event/assault/cut_412-2_cam02_assault01_place09_night_summer.mp4: name 'anno' is not defined. Check the log file for details.
Error processing /data/aihub/violence/output/event/assault/cut_22-4_cam03_assault01_place07_night_winter.mp4: name 'anno' is not defined. Check the log file for details.
Error processing /data/aihub/violence/output/event/assault/Assault052_x264.mp4: name 'anno' is not defined. Check the log file for details.
Error processing /data/aihub/violence/output/event/fight/cut_39-1_cam02_fight01_place04_day_summer.mp4: name 'anno' is not defined. Check the log file for details.
Error processing /data/aihub/violence/output/event/assault/cut_10-1_cam01_assault03_place07_night_spring.mp4: name 'anno' is not defined. Check the log file for details.
Error processing /data/aihub/violence/output/event/assault/cut_22-2_cam03_assault01_place07_night_summer.mp4: name 'anno' is not defined. Check the log file for details.
Error processing /data/aihub/violence/output/normal/Normal_Videos916_x264.mp4: name 'anno' is not defined. Check the log file for details.
Error processing /data/aihub/violence/output/event/fight/cut_445-3_cam02_fight04_place01_day_summer.mp4: name 'anno' is not defined. Check the log file for details.
Error processing /data/aihub/violence/output/event/fight/cut_34-5_cam01_fight01_place04_day_spring.mp4: name 'anno' is not defined. Check the log file for details.
Error processing /data/aihub/violence/output/event/fight/cut_32-1_cam02_fight01_place10_day_summer.mp4: name 'anno' is not defined. Check the log file for details.
Error processing /data/aihub/violence/output/normal/Normal_Videos241_x264.mp4: name 'anno' is not defined. Check the log file for details.
Error processing /data/aihub/violence/output/event/assault/cut_416-3_cam01_assault01_place02_night_winter.mp4: name 'anno' is not defined. Check the log file for details.
Error processing /data/aihub/violence/output/normal/Normal_Videos742_x264.mp4: name 'anno' is not defined. Check the log file for details.
Error processing /data/aihub/violence/output/event/fight/Fighting026_x264.mp4: name 'anno' is not defined. Check the log file for details.
Error processing /data/aihub/violence/output/event/assault/cut_406-2_cam01_assault01_place03_day_summer.mp4: name 'anno' is not defined. Check the log file for details.
Error processing /data/aihub/violence/output/normal/Normal_Videos834_x264.mp4: name 'anno' is not defined. Check the log file for details.
Error processing /data/aihub/violence/output/normal/Normal_Videos163_x264.mp4: name 'anno' is not defined. Check the log file for details.
Error processing /data/aihub/violence/output/event/assault/cut_16-5_cam02_assault01_place02_night_spring.mp4: name 'anno' is not defined. Check the log file for details.
Error processing /data/aihub/violence/output/event/assault/cut_416-4_cam03_assault01_place02_night_winter.mp4: name 'anno' is not defined. Check the log file for details.
Error processing /data/aihub/violence/output/normal/Normal_Videos948_x264.mp4: name 'anno' is not defined. Check the log file for details.
Error processing /data/aihub/violence/output/normal/Normal_Videos236_x264.mp4: name 'anno' is not defined. Check the log file for details.
Error processing /data/aihub/violence/output/event/fight/cut_41-6_cam01_fight02_place02_night_summer.mp4: name 'anno' is not defined. Check the log file for details.
Error processing /data/aihub/violence/output/event/assault/cut_439-4_cam01_assault01_place03_day_winter.mp4: name 'anno' is not defined. Check the log file for details.
Error processing /data/aihub/violence/output/event/assault/cut_407-4_cam03_assault01_place04_day_winter.mp4: name 'anno' is not defined. Check the log file for details.
Error processing /data/aihub/violence/output/event/fight/cut_22-1_cam01_fight01_place07_night_winter.mp4: name 'anno' is not defined. Check the log file for details.
Error processing /data/aihub/violence/output/event/fight/cut_180-4_cam02_fight01_place09_day_spring.mp4: name 'anno' is not defined. Check the log file for details.
Error processing /data/aihub/violence/output/event/assault/cut_411-4_cam01_assault01_place08_night_spring.mp4: name 'anno' is not defined. Check the log file for details.
Error processing /data/aihub/violence/output/event/fight/cut_45-2_cam03_fight01_place01_day_spring.mp4: name 'anno' is not defined. Check the log file for details.
Error processing /data/aihub/violence/output/normal/Normal_Videos242_x264.mp4: name 'anno' is not defined. Check the log file for details.
Error processing /data/aihub/violence/output/normal/Normal_Videos687_x264.mp4: name 'anno' is not defined. Check the log file for details.
Error processing /data/aihub/violence/output/normal/Normal_Videos052_x264.mp4: name 'anno' is not defined. Check the log file for details.
Error processing /data/aihub/violence/output/event/assault/cut_24-1_cam02_assault01_place09_night_spring.mp4: name 'anno' is not defined. Check the log file for details.
Error processing /data/aihub/violence/output/event/assault/cut_416-2_cam02_assault01_place02_night_spring.mp4: name 'anno' is not defined. Check the log file for details.
Error processing /data/aihub/violence/output/normal/Normal_Videos331_x264.mp4: name 'anno' is not defined. Check the log file for details.
Error processing /data/aihub/violence/output/event/assault/cut_17-5_cam01_assault03_place03_night_summer.mp4: name 'anno' is not defined. Check the log file for details.
Error processing /data/aihub/violence/output/event/assault/cut_22-5_cam01_assault01_place07_night_summer.mp4: name 'anno' is not defined. Check the log file for details.
Error processing /data/aihub/violence/output/event/assault/cut_416-2_cam02_assault01_place02_night_winter.mp4: name 'anno' is not defined. Check the log file for details.
Error processing /data/aihub/violence/output/event/assault/cut_411-4_cam02_assault01_place08_night_summer.mp4: name 'anno' is not defined. Check the log file for details.
Error processing /data/aihub/violence/output/normal/Normal_Videos479_x264.mp4: name 'anno' is not defined. Check the log file for details.
Error processing /data/aihub/violence/output/event/fight/cut_27-2_cam02_fight01_place03_day_summer.mp4: name 'anno' is not defined. Check the log file for details.
Error processing /data/aihub/violence/output/normal/Normal_Videos426_x264.mp4: name 'anno' is not defined. Check the log file for details.
Error processing /data/aihub/violence/output/event/fight/cut_37-6_cam03_fight01_place02_night_winter.mp4: name 'anno' is not defined. Check the log file for details.
Error processing /data/aihub/violence/output/event/fight/cut_32-4_cam02_fight01_place11_day_summer.mp4: name 'anno' is not defined. Check the log file for details.
Error processing /data/aihub/violence/output/normal/Normal_Videos423_x264.mp4: name 'anno' is not defined. Check the log file for details.
Error processing /data/aihub/violence/output/event/assault/cut_5-4_cam01_assault01_place08_day_spring.mp4: name 'anno' is not defined. Check the log file for details.
Error processing /data/aihub/violence/output/event/assault/cut_407-2_cam01_assault01_place04_day_winter.mp4: name 'anno' is not defined. Check the log file for details.
Error processing /data/aihub/violence/output/normal/Normal_Videos733_x264.mp4: name 'anno' is not defined. Check the log file for details.
Error processing /data/aihub/violence/output/event/assault/cut_12-5_cam02_assault01_place09_day_summer.mp4: name 'anno' is not defined. Check the log file for details.
Error processing /data/aihub/violence/output/event/fight/cut_36-6_cam01_fight02_place04_day_spring.mp4: name 'anno' is not defined. Check the log file for details.
Error processing /data/aihub/violence/output/event/fight/cut_439-2_cam01_fight01_place03_day_spring.mp4: name 'anno' is not defined. Check the log file for details.
Error processing /data/aihub/violence/output/event/fight/cut_29-3_cam02_fight01_place01_day_summer.mp4: name 'anno' is not defined. Check the log file for details.
Error processing /data/aihub/violence/output/event/fight/cut_46-5_cam03_fight01_place02_night_spring.mp4: name 'anno' is not defined. Check the log file for details.
Error processing /data/aihub/violence/output/event/fight/cut_46-1_cam03_fight01_place02_night_winter.mp4: name 'anno' is not defined. Check the log file for details.
Error processing /data/aihub/violence/output/event/assault/cut_407-2_cam03_assault01_place04_day_summer.mp4: name 'anno' is not defined. Check the log file for details.
Error processing /data/aihub/violence/output/normal/Normal_Videos305_x264.mp4: name 'anno' is not defined. Check the log file for details.
Error processing /data/aihub/violence/output/event/assault/cut_416-6_cam01_assault01_place02_night_summer.mp4: name 'anno' is not defined. Check the log file for details.
Error processing /data/aihub/violence/output/event/fight/cut_38-5_cam01_fight01_place01_day_spring.mp4: name 'anno' is not defined. Check the log file for details.
Error processing /data/aihub/violence/output/event/fight/cut_42-3_cam02_fight01_place09_night_spring.mp4: name 'anno' is not defined. Check the log file for details.
Error processing /data/aihub/violence/output/event/assault/cut_18-3_cam02_assault04_place02_night_summer.mp4: name 'anno' is not defined. Check the log file for details.
Error processing /data/aihub/violence/output/normal/Normal_Videos008_x264.mp4: name 'anno' is not defined. Check the log file for details.
Error processing /data/aihub/violence/output/event/assault/cut_417-3_cam02_assault01_place03_night_spring.mp4: name 'anno' is not defined. Check the log file for details.
Error processing /data/aihub/violence/output/event/assault/cut_416-1_cam02_assault01_place02_night_winter.mp4: name 'anno' is not defined. Check the log file for details.
Error processing /data/aihub/violence/output/event/fight/cut_22-1_cam02_fight01_place07_night_summer.mp4: name 'anno' is not defined. Check the log file for details.
Error processing /data/aihub/violence/output/event/assault/cut_416-2_cam03_assault01_place02_night_winter.mp4: name 'anno' is not defined. Check the log file for details.
Error processing /data/aihub/violence/output/event/fight/cut_49-6_cam02_fight01_place02_night_spring.mp4: name 'anno' is not defined. Check the log file for details.
Error processing /data/aihub/violence/output/event/fight/cut_43-4_cam01_fight04_place07_night_spring.mp4: name 'anno' is not defined. Check the log file for details.
Error processing /data/aihub/violence/output/event/fight/cut_439-2_cam01_fight01_place03_day_summer.mp4: name 'anno' is not defined. Check the log file for details.
Error processing /data/aihub/violence/output/normal/Normal_Videos072_x264.mp4: name 'anno' is not defined. Check the log file for details.
Error processing /data/aihub/violence/output/normal/Normal_Videos418_x264.mp4: name 'anno' is not defined. Check the log file for details.
Error processing /data/aihub/violence/output/normal/Normal_Videos253_x264.mp4: name 'anno' is not defined. Check the log file for details.
Error processing /data/aihub/violence/output/event/fight/cut_447-6_cam03_fight01_place01_day_winter.mp4: name 'anno' is not defined. Check the log file for details.
Error processing /data/aihub/violence/output/event/fight/cut_35-3_cam01_fight01_place09_night_spring.mp4: name 'anno' is not defined. Check the log file for details.
Error processing /data/aihub/violence/output/normal/Normal_Videos185_x264.mp4: name 'anno' is not defined. Check the log file for details.
Error processing /data/aihub/violence/output/event/fight/cut_48-4_cam01_fight01_place01_night_summer.mp4: name 'anno' is not defined. Check the log file for details.
Error processing /data/aihub/violence/output/normal/Normal_Videos414_x264.mp4: name 'anno' is not defined. Check the log file for details.
Error processing /data/aihub/violence/output/event/assault/cut_8-1_cam01_assault03_place05_day_summer.mp4: name 'anno' is not defined. Check the log file for details.
Error processing /data/aihub/violence/output/event/fight/cut_29-3_cam01_fight01_place01_day_summer.mp4: name 'anno' is not defined. Check the log file for details.
Error processing /data/aihub/violence/output/event/fight/cut_441-3_cam03_fight02_place02_night_summer.mp4: name 'anno' is not defined. Check the log file for details.
Error processing /data/aihub/violence/output/normal/Normal_Videos179_x264.mp4: name 'anno' is not defined. Check the log file for details.
Error processing /data/aihub/violence/output/event/fight/cut_20-5_cam02_fight01_place02_night_spring.mp4: name 'anno' is not defined. Check the log file for details.
Error processing /data/aihub/violence/output/event/assault/cut_24-6_cam02_assault01_place09_night_winter.mp4: name 'anno' is not defined. Check the log file for details.
Error processing /data/aihub/violence/output/event/fight/cut_10-6_cam03_fight03_place07_night_spring.mp4: name 'anno' is not defined. Check the log file for details.
Error processing /data/aihub/violence/output/normal/Normal_Videos839_x264.mp4: name 'anno' is not defined. Check the log file for details.
Error processing /data/aihub/violence/output/event/fight/cut_46-4_cam03_fight01_place02_night_summer.mp4: name 'anno' is not defined. Check the log file for details.
Error processing /data/aihub/violence/output/normal/Normal_Videos759_x264.mp4: name 'anno' is not defined. Check the log file for details.
Error processing /data/aihub/violence/output/normal/Normal_Videos297_x264.mp4: name 'anno' is not defined. Check the log file for details.
Error processing /data/aihub/violence/output/normal/Normal_Videos469_x264.mp4: name 'anno' is not defined. Check the log file for details.
Error processing /data/aihub/violence/output/event/fight/cut_47-4_cam01_fight01_place01_day_summer.mp4: name 'anno' is not defined. Check the log file for details.
Error processing /data/aihub/violence/output/event/fight/cut_411-1_cam01_fight01_place08_night_winter.mp4: name 'anno' is not defined. Check the log file for details.
Error processing /data/aihub/violence/output/event/fight/cut_45-1_cam02_fight01_place01_day_spring.mp4: name 'anno' is not defined. Check the log file for details.
Error processing /data/aihub/violence/output/normal/Normal_Videos023_x264.mp4: name 'anno' is not defined. Check the log file for details.
Error processing /data/aihub/violence/output/event/fight/cut_45-3_cam03_fight01_place01_day_spring.mp4: name 'anno' is not defined. Check the log file for details.
Error processing /data/aihub/violence/output/normal/Normal_Videos587_x264.mp4: name 'anno' is not defined. Check the log file for details.
Error processing /data/aihub/violence/output/normal/Normal_Videos377_x264.mp4: name 'anno' is not defined. Check the log file for details.
Error processing /data/aihub/violence/output/normal/Normal_Videos836_x264.mp4: name 'anno' is not defined. Check the log file for details.
Error processing /data/aihub/violence/output/event/assault/cut_12-5_cam01_assault01_place09_day_spring.mp4: name 'anno' is not defined. Check the log file for details.
Error processing /data/aihub/violence/output/event/assault/cut_412-6_cam03_assault01_place09_night_summer.mp4: name 'anno' is not defined. Check the log file for details.
Error processing /data/aihub/violence/output/event/fight/cut_20-1_cam02_fight01_place02_night_spring.mp4: name 'anno' is not defined. Check the log file for details.
Error processing /data/aihub/violence/output/event/assault/cut_8-4_cam01_assault03_place05_day_summer.mp4: name 'anno' is not defined. Check the log file for details.
Error processing /data/aihub/violence/output/event/assault/cut_12-3_cam02_assault01_place09_day_spring.mp4: name 'anno' is not defined. Check the log file for details.
Error processing /data/aihub/violence/output/event/assault/cut_416-1_cam03_assault01_place02_night_summer.mp4: name 'anno' is not defined. Check the log file for details.
Error processing /data/aihub/violence/output/event/fight/cut_437-3_cam01_fight01_place05_day_spring.mp4: name 'anno' is not defined. Check the log file for details.
Error processing /data/aihub/violence/output/event/assault/cut_23-1_cam01_assault01_place02_night_summer.mp4: name 'anno' is not defined. Check the log file for details.
Error processing /data/aihub/violence/output/event/fight/cut_18-4_cam02_fight04_place02_night_summer.mp4: name 'anno' is not defined. Check the log file for details.
Error processing /data/aihub/violence/output/normal/Normal_Videos665_x264.mp4: name 'anno' is not defined. Check the log file for details.
Error processing /data/aihub/violence/output/normal/Normal_Videos600_x264.mp4: name 'anno' is not defined. Check the log file for details.
Error processing /data/aihub/violence/output/event/assault/cut_24-3_cam03_assault01_place09_night_winter.mp4: name 'anno' is not defined. Check the log file for details.
Error processing /data/aihub/violence/output/event/assault/cut_10-2_cam02_assault03_place07_night_winter.mp4: name 'anno' is not defined. Check the log file for details.
Error processing /data/aihub/violence/output/normal/Normal_Videos441_x264.mp4: name 'anno' is not defined. Check the log file for details.
Error processing /data/aihub/violence/output/normal/Normal_Videos011_x264.mp4: name 'anno' is not defined. Check the log file for details.
Error processing /data/aihub/violence/output/normal/Normal_Videos835_x264.mp4: name 'anno' is not defined. Check the log file for details.
Error processing /data/aihub/violence/output/event/fight/cut_47-4_cam01_fight01_place01_day_spring.mp4: name 'anno' is not defined. Check the log file for details.
Error processing /data/aihub/violence/output/event/assault/cut_12-1_cam01_assault01_place09_day_summer.mp4: name 'anno' is not defined. Check the log file for details.
Error processing /data/aihub/violence/output/normal/Normal_Videos505_x264.mp4: name 'anno' is not defined. Check the log file for details.
Error processing /data/aihub/violence/output/event/assault/cut_21-4_cam01_assault01_place09_day_summer.mp4: name 'anno' is not defined. Check the log file for details.
Error processing /data/aihub/violence/output/event/assault/cut_24-5_cam03_assault01_place09_night_winter.mp4: name 'anno' is not defined. Check the log file for details.
Error processing /data/aihub/violence/output/event/fight/cut_46-2_cam02_fight01_place02_night_winter.mp4: name 'anno' is not defined. Check the log file for details.
Error processing /data/aihub/violence/output/event/assault/cut_406-1_cam02_assault01_place03_day_spring.mp4: name 'anno' is not defined. Check the log file for details.
Error processing /data/aihub/violence/output/normal/Normal_Videos135_x264.mp4: name 'anno' is not defined. Check the log file for details.
Error processing /data/aihub/violence/output/normal/Normal_Videos098_x264.mp4: name 'anno' is not defined. Check the log file for details.
Error processing /data/aihub/violence/output/event/fight/cut_40-1_cam02_fight01_place01_night_spring.mp4: name 'anno' is not defined. Check the log file for details.
Error processing /data/aihub/violence/output/event/fight/cut_445-5_cam02_fight04_place01_day_spring.mp4: name 'anno' is not defined. Check the log file for details.
Error processing /data/aihub/violence/output/event/fight/cut_435-3_cam02_fight01_place09_night_spring.mp4: name 'anno' is not defined. Check the log file for details.
Error processing /data/aihub/violence/output/normal/Normal_Videos786_x264.mp4: name 'anno' is not defined. Check the log file for details.
Error processing /data/aihub/violence/output/event/assault/Assault039_x264.mp4: name 'anno' is not defined. Check the log file for details.
Error processing /data/aihub/violence/output/event/fight/cut_28-2_cam02_fight01_place02_night_winter.mp4: name 'anno' is not defined. Check the log file for details.
Error processing /data/aihub/violence/output/normal/Normal_Videos465_x264.mp4: name 'anno' is not defined. Check the log file for details.
Error processing /data/aihub/violence/output/event/fight/cut_439-6_cam03_fight01_place03_day_summer.mp4: name 'anno' is not defined. Check the log file for details.
Error processing /data/aihub/violence/output/event/fight/cut_50-6_cam01_fight01_place08_night_spring.mp4: name 'anno' is not defined. Check the log file for details.
Error processing /data/aihub/violence/output/normal/Normal_Videos004_x264.mp4: name 'anno' is not defined. Check the log file for details.
Error processing /data/aihub/violence/output/event/assault/cut_26-2_cam01_assault01_place01_night_winter.mp4: name 'anno' is not defined. Check the log file for details.
Error processing /data/aihub/violence/output/event/assault/Assault010_x264.mp4: name 'anno' is not defined. Check the log file for details.
Error processing /data/aihub/violence/output/normal/Normal_Videos497_x264.mp4: name 'anno' is not defined. Check the log file for details.
Error processing /data/aihub/violence/output/event/assault/cut_12-1_cam02_assault01_place09_day_summer.mp4: name 'anno' is not defined. Check the log file for details.
Error processing /data/aihub/violence/output/normal/Normal_Videos223_x264.mp4: name 'anno' is not defined. Check the log file for details.
Error processing /data/aihub/violence/output/event/fight/cut_45-1_cam03_fight01_place01_day_spring.mp4: name 'anno' is not defined. Check the log file for details.
Error processing /data/aihub/violence/output/event/assault/cut_45-4_cam03_assault01_place01_day_summer.mp4: name 'anno' is not defined. Check the log file for details.
Error processing /data/aihub/violence/output/event/fight/cut_28-4_cam03_fight01_place02_night_spring.mp4: name 'anno' is not defined. Check the log file for details.
Error processing /data/aihub/violence/output/event/assault/cut_45-4_cam01_assault01_place01_day_summer.mp4: name 'anno' is not defined. Check the log file for details.
Error processing /data/aihub/violence/output/event/assault/cut_22-6_cam03_assault01_place07_night_summer.mp4: name 'anno' is not defined. Check the log file for details.
Error processing /data/aihub/violence/output/event/fight/cut_453-4_cam01_fight01_place01_day_summer.mp4: name 'anno' is not defined. Check the log file for details.
Error processing /data/aihub/violence/output/event/assault/cut_439-5_cam03_assault01_place03_day_winter.mp4: name 'anno' is not defined. Check the log file for details.
Error processing /data/aihub/violence/output/normal/Normal_Videos490_x264.mp4: name 'anno' is not defined. Check the log file for details.
Error processing /data/aihub/violence/output/event/assault/cut_18-6_cam02_assault04_place02_night_spring.mp4: name 'anno' is not defined. Check the log file for details.
Error processing /data/aihub/violence/output/normal/Normal_Videos388_x264.mp4: name 'anno' is not defined. Check the log file for details.
Error processing /data/aihub/violence/output/event/fight/cut_50-4_cam01_fight01_place08_night_spring.mp4: name 'anno' is not defined. Check the log file for details.
Error processing /data/aihub/violence/output/event/fight/cut_20-1_cam01_fight01_place02_night_spring.mp4: name 'anno' is not defined. Check the log file for details.
Error processing /data/aihub/violence/output/event/assault/Assault036_x264.mp4: name 'anno' is not defined. Check the log file for details.
Error processing /data/aihub/violence/output/normal/Normal_Videos688_x264.mp4: name 'anno' is not defined. Check the log file for details.
Error processing /data/aihub/violence/output/event/fight/cut_445-6_cam02_fight04_place01_day_summer.mp4: name 'anno' is not defined. Check the log file for details.
Error processing /data/aihub/violence/output/event/fight/cut_35-1_cam01_fight01_place09_night_summer.mp4: name 'anno' is not defined. Check the log file for details.
Error processing /data/aihub/violence/output/normal/Normal_Videos406_x264.mp4: name 'anno' is not defined. Check the log file for details.
Error processing /data/aihub/violence/output/event/fight/cut_46-3_cam01_fight01_place02_night_spring.mp4: name 'anno' is not defined. Check the log file for details.
Error processing /data/aihub/violence/output/event/assault/cut_453-2_cam01_assault01_place01_day_summer.mp4: name 'anno' is not defined. Check the log file for details.
Error processing /data/aihub/violence/output/event/assault/cut_10-2_cam02_assault03_place07_night_spring.mp4: name 'anno' is not defined. Check the log file for details.
Error processing /data/aihub/violence/output/event/fight/cut_437-2_cam02_fight01_place01_day_summer.mp4: name 'anno' is not defined. Check the log file for details.
Error processing /data/aihub/violence/output/normal/Normal_Videos498_x264.mp4: name 'anno' is not defined. Check the log file for details.
Error processing /data/aihub/violence/output/event/fight/cut_35-5_cam01_fight01_place09_night_summer.mp4: name 'anno' is not defined. Check the log file for details.
Error processing /data/aihub/violence/output/normal/Normal_Videos697_x264.mp4: name 'anno' is not defined. Check the log file for details.
Error processing /data/aihub/violence/output/event/assault/cut_25-4_cam01_assault01_place02_night_summer.mp4: name 'anno' is not defined. Check the log file for details.
Error processing /data/aihub/violence/output/event/assault/cut_23-3_cam02_assault01_place02_night_summer.mp4: name 'anno' is not defined. Check the log file for details.
Error processing /data/aihub/violence/output/event/fight/cut_447-4_cam02_fight01_place01_day_spring.mp4: name 'anno' is not defined. Check the log file for details.
Error processing /data/aihub/violence/output/event/assault/cut_416-1_cam02_assault01_place02_night_spring.mp4: name 'anno' is not defined. Check the log file for details.
Error processing /data/aihub/violence/output/normal/Normal_Videos177_x264.mp4: name 'anno' is not defined. Check the log file for details.
Error processing /data/aihub/violence/output/event/fight/cut_435-1_cam02_fight01_place09_night_winter.mp4: name 'anno' is not defined. Check the log file for details.
Error processing /data/aihub/violence/output/event/assault/cut_412-3_cam02_assault01_place09_night_spring.mp4: name 'anno' is not defined. Check the log file for details.
Error processing /data/aihub/violence/output/normal/Normal_Videos661_x264.mp4: name 'anno' is not defined. Check the log file for details.
Error processing /data/aihub/violence/output/event/assault/cut_22-3_cam02_assault01_place07_night_summer.mp4: name 'anno' is not defined. Check the log file for details.
Error processing /data/aihub/violence/output/normal/Normal_Videos123_x264.mp4: name 'anno' is not defined. Check the log file for details.
Error processing /data/aihub/violence/output/event/assault/Assault004_x264.mp4: name 'anno' is not defined. Check the log file for details.
Error processing /data/aihub/violence/output/event/assault/cut_4-4_cam01_assault01_place01_day_spring.mp4: name 'anno' is not defined. Check the log file for details.
Error processing /data/aihub/violence/output/normal/Normal_Videos225_x264.mp4: name 'anno' is not defined. Check the log file for details.
Error processing /data/aihub/violence/output/normal/Normal_Videos594_x264.mp4: name 'anno' is not defined. Check the log file for details.
Error processing /data/aihub/violence/output/normal/Normal_Videos412_x264.mp4: name 'anno' is not defined. Check the log file for details.
Error processing /data/aihub/violence/output/normal/Normal_Videos442_x264.mp4: name 'anno' is not defined. Check the log file for details.
Error processing /data/aihub/violence/output/event/assault/Assault007_x264.mp4: name 'anno' is not defined. Check the log file for details.
Error processing /data/aihub/violence/output/event/fight/cut_50-2_cam01_fight01_place08_night_summer.mp4: name 'anno' is not defined. Check the log file for details.
Error processing /data/aihub/violence/output/event/fight/Fighting031_x264.mp4: name 'anno' is not defined. Check the log file for details.
Error processing /data/aihub/violence/output/event/fight/cut_10-6_cam02_fight03_place07_night_winter.mp4: name 'anno' is not defined. Check the log file for details.
Error processing /data/aihub/violence/output/event/assault/cut_53-1_cam02_assault01_place01_day_winter.mp4: name 'anno' is not defined. Check the log file for details.
Error processing /data/aihub/violence/output/normal/Normal_Videos413_x264.mp4: name 'anno' is not defined. Check the log file for details.
Error processing /data/aihub/violence/output/event/assault/cut_8-5_cam01_assault03_place05_day_spring.mp4: name 'anno' is not defined. Check the log file for details.
Error processing /data/aihub/violence/output/normal/Normal_Videos373_x264.mp4: name 'anno' is not defined. Check the log file for details.
Error processing /data/aihub/violence/output/event/fight/cut_439-3_cam02_fight01_place03_day_spring.mp4: name 'anno' is not defined. Check the log file for details.
Error processing /data/aihub/violence/output/event/fight/cut_42-4_cam02_fight01_place09_night_spring.mp4: name 'anno' is not defined. Check the log file for details.
Error processing /data/aihub/violence/output/event/fight/cut_26-6_cam01_fight01_place01_night_summer.mp4: name 'anno' is not defined. Check the log file for details.
Error processing /data/aihub/violence/output/normal/Normal_Videos763_x264.mp4: name 'anno' is not defined. Check the log file for details.
Error processing /data/aihub/violence/output/normal/Normal_Videos299_x264.mp4: name 'anno' is not defined. Check the log file for details.
Error processing /data/aihub/violence/output/event/fight/cut_453-4_cam01_fight01_place01_day_spring.mp4: name 'anno' is not defined. Check the log file for details.
Error processing /data/aihub/violence/output/event/fight/cut_42-4_cam01_fight01_place09_night_spring.mp4: name 'anno' is not defined. Check the log file for details.
Error processing /data/aihub/violence/output/event/fight/cut_49-1_cam02_fight01_place02_night_summer.mp4: name 'anno' is not defined. Check the log file for details.
Error processing /data/aihub/violence/output/event/fight/cut_435-5_cam02_fight01_place09_night_winter.mp4: name 'anno' is not defined. Check the log file for details.
Error processing /data/aihub/violence/output/event/assault/cut_20-4_cam01_assault01_place02_night_summer.mp4: name 'anno' is not defined. Check the log file for details.
Error processing /data/aihub/violence/output/normal/Normal_Videos176_x264.mp4: name 'anno' is not defined. Check the log file for details.
Error processing /data/aihub/violence/output/event/fight/cut_48-5_cam02_fight01_place01_night_spring.mp4: name 'anno' is not defined. Check the log file for details.
Error processing /data/aihub/violence/output/event/assault/cut_416-4_cam03_assault01_place02_night_summer.mp4: name 'anno' is not defined. Check the log file for details.
Error processing /data/aihub/violence/output/normal/Normal_Videos516_x264.mp4: name 'anno' is not defined. Check the log file for details.
Error processing /data/aihub/violence/output/normal/Normal_Videos344_x264.mp4: name 'anno' is not defined. Check the log file for details.
Error processing /data/aihub/violence/output/event/fight/Fighting016_x264.mp4: name 'anno' is not defined. Check the log file for details.
Error processing /data/aihub/violence/output/event/fight/cut_49-1_cam01_fight01_place02_night_spring.mp4: name 'anno' is not defined. Check the log file for details.
Error processing /data/aihub/violence/output/event/assault/cut_16-3_cam01_assault01_place02_night_spring.mp4: name 'anno' is not defined. Check the log file for details.
Error processing /data/aihub/violence/output/event/fight/cut_445-6_cam01_fight04_place01_day_spring.mp4: name 'anno' is not defined. Check the log file for details.
Error processing /data/aihub/violence/output/event/fight/cut_31-3_cam01_fight03_place02_night_summer.mp4: name 'anno' is not defined. Check the log file for details.
Error processing /data/aihub/violence/output/event/fight/cut_3-1_cam02_fight01_place01_day_spring.mp4: name 'anno' is not defined. Check the log file for details.
Error processing /data/aihub/violence/output/event/assault/cut_21-6_cam01_assault01_place09_day_summer.mp4: name 'anno' is not defined. Check the log file for details.
Error processing /data/aihub/violence/output/event/fight/cut_28-6_cam03_fight01_place02_night_summer.mp4: name 'anno' is not defined. Check the log file for details.
Error processing /data/aihub/violence/output/event/fight/cut_36-4_cam02_fight02_place04_day_spring.mp4: name 'anno' is not defined. Check the log file for details.
Error processing /data/aihub/violence/output/event/fight/cut_37-1_cam02_fight01_place02_night_summer.mp4: name 'anno' is not defined. Check the log file for details.
Error processing /data/aihub/violence/output/event/assault/cut_407-6_cam02_assault01_place04_day_spring.mp4: name 'anno' is not defined. Check the log file for details.
Error processing /data/aihub/violence/output/event/fight/cut_180-4_cam01_fight01_place09_day_summer.mp4: name 'anno' is not defined. Check the log file for details.
Error processing /data/aihub/violence/output/normal/Normal_Videos648_x264.mp4: name 'anno' is not defined. Check the log file for details.
Error processing /data/aihub/violence/output/event/fight/cut_37-6_cam01_fight01_place02_night_summer.mp4: name 'anno' is not defined. Check the log file for details.
Error processing /data/aihub/violence/output/event/fight/cut_19-3_cam01_fight01_place04_night_summer.mp4: name 'anno' is not defined. Check the log file for details.
Error processing /data/aihub/violence/output/event/fight/cut_42-4_cam01_fight01_place09_night_summer.mp4: name 'anno' is not defined. Check the log file for details.
Error processing /data/aihub/violence/output/event/assault/cut_45-3_cam02_assault01_place01_day_spring.mp4: name 'anno' is not defined. Check the log file for details.
Error processing /data/aihub/violence/output/event/assault/cut_25-3_cam01_assault01_place02_night_spring.mp4: name 'anno' is not defined. Check the log file for details.
Error processing /data/aihub/violence/output/event/fight/cut_22-1_cam03_fight01_place07_night_winter.mp4: name 'anno' is not defined. Check the log file for details.
Error processing /data/aihub/violence/output/normal/Normal_Videos618_x264.mp4: name 'anno' is not defined. Check the log file for details.
Error processing /data/aihub/violence/output/normal/Normal_Videos796_x264.mp4: name 'anno' is not defined. Check the log file for details.
Error processing /data/aihub/violence/output/event/assault/cut_6-3_cam02_assault01_place03_night_spring.mp4: name 'anno' is not defined. Check the log file for details.
Error processing /data/aihub/violence/output/event/assault/cut_8-3_cam02_assault03_place05_day_summer.mp4: name 'anno' is not defined. Check the log file for details.
Error processing /data/aihub/violence/output/event/fight/cut_453-2_cam02_fight01_place01_day_spring.mp4: name 'anno' is not defined. Check the log file for details.
Error processing /data/aihub/violence/output/event/fight/cut_47-5_cam01_fight01_place01_day_spring.mp4: name 'anno' is not defined. Check the log file for details.
Error processing /data/aihub/violence/output/event/fight/cut_3-6_cam01_fight01_place01_day_summer.mp4: name 'anno' is not defined. Check the log file for details.
Error processing /data/aihub/violence/output/event/fight/cut_50-5_cam01_fight01_place08_night_spring.mp4: name 'anno' is not defined. Check the log file for details.
Error processing /data/aihub/violence/output/normal/Normal_Videos336_x264.mp4: name 'anno' is not defined. Check the log file for details.
Error processing /data/aihub/violence/output/event/assault/Assault017_x264.mp4: name 'anno' is not defined. Check the log file for details.
Error processing /data/aihub/violence/output/event/fight/cut_31-6_cam02_fight03_place02_night_spring.mp4: name 'anno' is not defined. Check the log file for details.
Error processing /data/aihub/violence/output/event/fight/cut_36-2_cam01_fight02_place04_day_summer.mp4: name 'anno' is not defined. Check the log file for details.
Error processing /data/aihub/violence/output/event/fight/cut_48-6_cam01_fight01_place01_night_summer.mp4: name 'anno' is not defined. Check the log file for details.
Error processing /data/aihub/violence/output/normal/Normal_Videos355_x264.mp4: name 'anno' is not defined. Check the log file for details.
Error processing /data/aihub/violence/output/event/fight/cut_411-1_cam02_fight01_place08_night_summer.mp4: name 'anno' is not defined. Check the log file for details.
Error processing /data/aihub/violence/output/event/assault/cut_417-1_cam02_assault01_place03_night_winter.mp4: name 'anno' is not defined. Check the log file for details.
Error processing /data/aihub/violence/output/event/fight/cut_32-2_cam01_fight01_place10_day_spring.mp4: name 'anno' is not defined. Check the log file for details.
Error processing /data/aihub/violence/output/event/fight/cut_29-1_cam01_fight01_place01_day_summer.mp4: name 'anno' is not defined. Check the log file for details.
Error processing /data/aihub/violence/output/event/fight/cut_441-1_cam02_fight02_place02_night_summer.mp4: name 'anno' is not defined. Check the log file for details.
Error processing /data/aihub/violence/output/normal/Normal_Videos354_x264.mp4: name 'anno' is not defined. Check the log file for details.
Error processing /data/aihub/violence/output/event/assault/cut_407-6_cam03_assault01_place04_day_spring.mp4: name 'anno' is not defined. Check the log file for details.
Error processing /data/aihub/violence/output/normal/Normal_Videos740_x264.mp4: name 'anno' is not defined. Check the log file for details.
Error processing /data/aihub/violence/output/event/assault/cut_416-4_cam02_assault01_place02_night_summer.mp4: name 'anno' is not defined. Check the log file for details.
Error processing /data/aihub/violence/output/event/assault/cut_26-2_cam03_assault01_place01_night_summer.mp4: name 'anno' is not defined. Check the log file for details.
Error processing /data/aihub/violence/output/event/fight/cut_46-6_cam03_fight01_place02_night_summer.mp4: name 'anno' is not defined. Check the log file for details.
Error processing /data/aihub/violence/output/normal/Normal_Videos159_x264.mp4: name 'anno' is not defined. Check the log file for details.
Error processing /data/aihub/violence/output/event/fight/cut_32-3_cam02_fight01_place10_day_spring.mp4: name 'anno' is not defined. Check the log file for details.
Error processing /data/aihub/violence/output/normal/Normal_Videos779_x264.mp4: name 'anno' is not defined. Check the log file for details.
Error processing /data/aihub/violence/output/event/assault/cut_43-1_cam01_assault04_place07_night_spring.mp4: name 'anno' is not defined. Check the log file for details.
Error processing /data/aihub/violence/output/event/fight/cut_34-1_cam02_fight01_place04_day_spring.mp4: name 'anno' is not defined. Check the log file for details.
Error processing /data/aihub/violence/output/event/assault/cut_8-4_cam01_assault03_place05_day_spring.mp4: name 'anno' is not defined. Check the log file for details.
Error processing /data/aihub/violence/output/normal/Normal_Videos090_x264.mp4: name 'anno' is not defined. Check the log file for details.
Error processing /data/aihub/violence/output/event/fight/cut_180-5_cam02_fight01_place09_day_spring.mp4: name 'anno' is not defined. Check the log file for details.
/opt/conda/lib/python3.10/tempfile.py:869: ResourceWarning: Implicitly cleaning up <TemporaryDirectory '/tmp/tmpoi6oi2si'>
  _warnings.warn(warn_message, ResourceWarning)
/opt/conda/lib/python3.10/site-packages/mmcv/__init__.py:20: UserWarning: On January 1, 2023, MMCV will release v2.0.0, in which it will remove components related to the training process and add a data transformation module. In addition, it will rename the package names mmcv to mmcv-lite and mmcv-full to mmcv. See https://github.com/open-mmlab/mmcv/blob/master/docs/en/compatibility.md for more details.
  warnings.warn(
/opt/conda/lib/python3.10/site-packages/mmpose/apis/inference.py:121: UserWarning: Can not load dataset_meta from the checkpoint or the model config. Use COCO metainfo by default.
  warnings.warn('Can not load dataset_meta from the checkpoint or the '
/opt/conda/lib/python3.10/site-packages/mmpose/datasets/datasets/utils.py:102: UserWarning: The metainfo config file "configs/_base_/datasets/coco.py" does not exist. A matched config file "/opt/conda/lib/python3.10/site-packages/mmpose/.mim/configs/_base_/datasets/coco.py" will be used instead.
  warnings.warn(
/opt/conda/lib/python3.10/site-packages/mmcv/transforms/loading.py:69: DeprecationWarning: "file_client_args" will be deprecated in future. Please use "backend_args" instead
  warnings.warn(
